============================================================
  Generated by:           Genus(TM) Synthesis Solution 20.11-s111_1
  Generated on:           Oct 18 2025  11:20:52 am
  Module:                 kogge_stone_adder
  Operating conditions:   slow (balanced_tree)
  Wireload mode:          enclosed
  Area mode:              timing library
============================================================


Path 1: MET (3950 ps) Late External Delay Assertion at pin overflow_o
          Group: COMBO
     Startpoint: (F) operand_b_i[1]
          Clock: (R) vclk
       Endpoint: (R) overflow_o
          Clock: (R) vclk

                     Capture       Launch     
        Clock Edge:+   10000            0     
        Drv Adjust:+       0            0     
       Src Latency:+       0            0     
       Net Latency:+       0 (I)        0 (I) 
           Arrival:=   10000            0     
                                              
      Output Delay:-    2000                  
     Required Time:=    8000                  
      Launch Clock:-       0                  
       Input Delay:-    2000                  
         Data Path:-    2050                  
             Slack:=    3950                  

Exceptions/Constraints:
  input_delay              2000            constraint_input.sdc_line_20_12_1 
  output_delay             2000            constraint_input.sdc_line_31      

#----------------------------------------------------------------------------------------
# Timing Point   Flags   Arc   Edge   Cell     Fanout  Load Trans Delay Arrival Instance 
#                                                      (fF)  (ps)  (ps)   (ps)  Location 
#----------------------------------------------------------------------------------------
  operand_b_i[1] -       -     F     (arrival)      2   4.5   200     0    2000    (-,-) 
  g645__5115/Y   -       A->Y  R     CLKXOR2X1      2   6.5    92   277    2277    (-,-) 
  g637__7098/Y   -       A1->Y F     AOI22X1        2   6.4   148   132    2409    (-,-) 
  g635__5122/Y   -       A1->Y R     OAI21X1        2   6.4   154   153    2562    (-,-) 
  g633__1617/Y   -       A1->Y F     AOI22X1        2   4.5   134   132    2694    (-,-) 
  g632/Y         -       A->Y  R     CLKINVX1       2   4.5    69    78    2771    (-,-) 
  g630__3680/Y   -       A1->Y F     AOI22X1        2   4.5   128   110    2881    (-,-) 
  g629/Y         -       A->Y  R     CLKINVX1       2   4.5    68    76    2957    (-,-) 
  g627__5526/Y   -       A1->Y F     AOI22X1        2   4.5   128   109    3066    (-,-) 
  g626/Y         -       A->Y  R     CLKINVX1       2   4.5    68    76    3143    (-,-) 
  g624__6260/Y   -       A1->Y F     AOI22X1        2   4.5   128   109    3252    (-,-) 
  g623/Y         -       A->Y  R     CLKINVX1       2   3.3    60    66    3318    (-,-) 
  g621__5107/Y   -       A1->Y R     AO22X1         1 100.0   840   732    4050    (-,-) 
  overflow_o     -       -     R     (port)         -     -     -     0    4050    (-,-) 
#----------------------------------------------------------------------------------------

